[2025-08-18 09:47:01][I][src.main.<module>] OptiServe APIサーバー起動
[2025-08-18 09:49:46][I][src.main.<module>] OptiServe APIサーバー起動
[2025-08-18 09:50:09][I][src.main.<module>] OptiServe APIサーバー起動
[2025-08-18 09:50:23][I][src.main.<module>] OptiServe APIサーバー起動
[2025-08-18 09:51:02][I][src.main.<module>] OptiServe APIサーバー起動
[2025-08-18 09:51:11][I][src.main.<module>] OptiServe APIサーバー起動
[2025-08-18 09:51:25][I][src.main.<module>] OptiServe APIサーバー起動
[2025-08-18 10:00:33][I][src.main.<module>] OptiServe APIサーバー起動
[2025-08-18 10:01:09][I][src.main.<module>] OptiServe APIサーバー起動
[2025-08-18 10:02:03][I][src.main.<module>] OptiServe APIサーバー起動
[2025-08-18 10:02:12][I][src.main.<module>] OptiServe APIサーバー起動
[2025-08-18 10:02:33][I][src.main.<module>] OptiServe APIサーバー起動
[2025-08-18 10:02:47][I][src.main.<module>] OptiServe APIサーバー起動
[2025-08-18 10:02:53][I][src.main.<module>] OptiServe APIサーバー起動
[2025-08-18 10:03:04][I][src.main.<module>] OptiServe APIサーバー起動
[2025-08-18 10:03:25][I][src.main.<module>] OptiServe APIサーバー起動
[2025-08-18 10:03:47][I][src.main.<module>] OptiServe APIサーバー起動
[2025-08-18 10:08:03][I][src.main.<module>] OptiServe APIサーバー起動
[2025-08-18 10:10:35][I][src.main.<module>] OptiServe APIサーバー起動
[2025-08-18 10:15:00][I][src.main.<module>] OptiServe APIサーバー起動
[2025-08-18 10:19:32][I][src.main.<module>] OptiServe APIサーバー起動
[2025-08-18 10:21:02][I][src.main.<module>] OptiServe APIサーバー起動
[2025-08-18 10:21:47][I][src.main.<module>] OptiServe APIサーバー起動
[2025-08-18 10:22:06][I][src.main.<module>] OptiServe APIサーバー起動
[2025-08-18 10:23:10][I][src.main.<module>] OptiServe APIサーバー起動
[2025-08-18 10:30:37][I][src.main.<module>] OptiServe APIサーバー起動
[2025-08-18 10:35:13][I][src.main.<module>] OptiServe APIサーバー起動
[2025-08-18 10:35:38][I][src.main.<module>] OptiServe APIサーバー起動
[2025-08-18 10:35:46][I][src.main.<module>] OptiServe APIサーバー起動
[2025-08-18 10:35:53][I][src.main.<module>] OptiServe APIサーバー起動
[2025-08-18 10:36:02][I][src.main.<module>] OptiServe APIサーバー起動
[2025-08-18 10:36:10][I][src.main.<module>] OptiServe APIサーバー起動
[2025-08-18 10:36:34][I][src.main.<module>] OptiServe APIサーバー起動
[2025-08-18 10:41:25][I][src.main.<module>] OptiServe APIサーバー起動
[2025-08-18 10:41:53][I][src.main.<module>] OptiServe APIサーバー起動
[2025-08-18 10:42:01][I][src.main.<module>] OptiServe APIサーバー起動
[2025-08-18 10:42:21][I][src.main.<module>] OptiServe APIサーバー起動
[2025-08-18 10:42:29][I][src.main.<module>] OptiServe APIサーバー起動
[2025-08-18 10:43:51][I][src.routers.facilities.create_facility] 医療機関作成開始: pytest病院_k8vj35
[2025-08-18 10:43:51][D][src.routers.facilities.create_facility] リクエストデータ: {'medical_name': 'pytest病院_k8vj35', 'address_postal_code': '530-0001', 'address_prefecture': '大阪府', 'address_city': '大阪市北区', 'address_line1': 'テスト区2-2-2', 'address_line2': None, 'phone_number': '02-3275-2129'}
[2025-08-18 10:43:51][D][src.routers.facilities.create_facility] DBオブジェクト作成開始
[2025-08-18 10:43:51][D][src.routers.facilities.create_facility] DBオブジェクト作成完了
[2025-08-18 10:43:51][D][src.routers.facilities.create_facility] DB保存処理開始
[2025-08-18 10:43:51][D][src.routers.facilities.create_facility] DB保存処理完了
[2025-08-18 10:43:51][I][src.routers.facilities.create_facility] 医療機関作成完了: ID=30
[2025-08-18 10:43:51][I][src.routers.facilities.create_facility] 医療機関作成開始: pytest病院_rtukrx
[2025-08-18 10:43:51][D][src.routers.facilities.create_facility] リクエストデータ: {'medical_name': 'pytest病院_rtukrx', 'address_postal_code': None, 'address_prefecture': None, 'address_city': None, 'address_line1': None, 'address_line2': None, 'phone_number': None}
[2025-08-18 10:43:51][D][src.routers.facilities.create_facility] DBオブジェクト作成開始
[2025-08-18 10:43:51][D][src.routers.facilities.create_facility] DBオブジェクト作成完了
[2025-08-18 10:43:51][D][src.routers.facilities.create_facility] DB保存処理開始
[2025-08-18 10:43:51][D][src.routers.facilities.create_facility] DB保存処理完了
[2025-08-18 10:43:51][I][src.routers.facilities.create_facility] 医療機関作成完了: ID=31
[2025-08-18 10:43:51][I][src.routers.facilities.create_facility] 医療機関作成開始: pytest病院_q77eza
[2025-08-18 10:43:51][D][src.routers.facilities.create_facility] リクエストデータ: {'medical_name': 'pytest病院_q77eza', 'address_postal_code': '100-0001', 'address_prefecture': '東京都', 'address_city': '千代田区', 'address_line1': 'テスト町1-1-1', 'address_line2': None, 'phone_number': '06-7106-6144'}
[2025-08-18 10:43:51][D][src.routers.facilities.create_facility] DBオブジェクト作成開始
[2025-08-18 10:43:51][D][src.routers.facilities.create_facility] DBオブジェクト作成完了
[2025-08-18 10:43:51][D][src.routers.facilities.create_facility] DB保存処理開始
[2025-08-18 10:43:51][D][src.routers.facilities.create_facility] DB保存処理完了
[2025-08-18 10:43:51][I][src.routers.facilities.create_facility] 医療機関作成完了: ID=32
[2025-08-18 10:43:51][I][src.routers.user_entity_links.create_user_entity_link] ユーザー組織連携作成開始: pytest連携組織_2licap
[2025-08-18 10:43:51][D][src.routers.user_entity_links.create_user_entity_link] リクエストデータ: {'entity_type': 1, 'entity_relation_id': 6, 'entity_name': 'pytest連携組織_2licap', 'notification_email_list': 'pytest_z3idi9@example.com', 'count_reportout_classification': 5, 'analiris_classification_level': 1}
[2025-08-18 10:43:51][D][src.routers.user_entity_links.create_user_entity_link] DBオブジェクト作成開始
[2025-08-18 10:43:51][D][src.routers.user_entity_links.create_user_entity_link] DBオブジェクト作成完了
[2025-08-18 10:43:51][D][src.routers.user_entity_links.create_user_entity_link] DB保存処理開始
[2025-08-18 10:43:51][D][src.routers.user_entity_links.create_user_entity_link] DB保存処理完了
[2025-08-18 10:43:51][I][src.routers.user_entity_links.create_user_entity_link] ユーザー組織連携作成完了: entity_type=1, entity_relation_id=6
[2025-08-18 10:43:51][I][src.routers.user_entity_links.create_user_entity_link] ユーザー組織連携作成開始: テスト組織
[2025-08-18 10:43:51][D][src.routers.user_entity_links.create_user_entity_link] リクエストデータ: {'entity_type': 2, 'entity_relation_id': 6, 'entity_name': 'テスト組織', 'notification_email_list': 'pytest_erles1@example.com', 'count_reportout_classification': 5, 'analiris_classification_level': 1}
[2025-08-18 10:43:51][I][src.routers.user_entity_links.create_user_entity_link] ユーザー組織連携作成開始: テスト組織
[2025-08-18 10:43:51][D][src.routers.user_entity_links.create_user_entity_link] リクエストデータ: {'entity_type': 1, 'entity_relation_id': 99999, 'entity_name': 'テスト組織', 'notification_email_list': 'pytest_kzifa7@example.com', 'count_reportout_classification': 5, 'analiris_classification_level': 1}
[2025-08-18 10:43:52][I][src.routers.user_entity_links.create_user_entity_link] ユーザー組織連携作成開始: pytest連携組織_1bymd0
[2025-08-18 10:43:52][D][src.routers.user_entity_links.create_user_entity_link] リクエストデータ: {'entity_type': 1, 'entity_relation_id': 28, 'entity_name': 'pytest連携組織_1bymd0', 'notification_email_list': 'pytest_em8x9c@example.com', 'count_reportout_classification': 5, 'analiris_classification_level': 2}
[2025-08-18 10:43:52][D][src.routers.user_entity_links.create_user_entity_link] DBオブジェクト作成開始
[2025-08-18 10:43:52][D][src.routers.user_entity_links.create_user_entity_link] DBオブジェクト作成完了
[2025-08-18 10:43:52][D][src.routers.user_entity_links.create_user_entity_link] DB保存処理開始
[2025-08-18 10:43:52][D][src.routers.user_entity_links.create_user_entity_link] DB保存処理完了
[2025-08-18 10:43:52][I][src.routers.user_entity_links.create_user_entity_link] ユーザー組織連携作成完了: entity_type=1, entity_relation_id=28
[2025-08-18 10:43:52][I][src.routers.user_entity_links.create_user_entity_link] ユーザー組織連携作成開始: pytest連携組織_ov6gxb
[2025-08-18 10:43:52][D][src.routers.user_entity_links.create_user_entity_link] リクエストデータ: {'entity_type': 1, 'entity_relation_id': 12, 'entity_name': 'pytest連携組織_ov6gxb', 'notification_email_list': 'pytest_g9vx4v@example.com', 'count_reportout_classification': 5, 'analiris_classification_level': 2}
[2025-08-18 10:43:52][D][src.routers.user_entity_links.create_user_entity_link] DBオブジェクト作成開始
[2025-08-18 10:43:52][D][src.routers.user_entity_links.create_user_entity_link] DBオブジェクト作成完了
[2025-08-18 10:43:52][D][src.routers.user_entity_links.create_user_entity_link] DB保存処理開始
[2025-08-18 10:43:52][D][src.routers.user_entity_links.create_user_entity_link] DB保存処理完了
[2025-08-18 10:43:52][I][src.routers.user_entity_links.create_user_entity_link] ユーザー組織連携作成完了: entity_type=1, entity_relation_id=12
[2025-08-18 10:43:52][I][src.routers.user_entity_links.create_user_entity_link] ユーザー組織連携作成開始: pytest連携組織_zjir8f
[2025-08-18 10:43:52][D][src.routers.user_entity_links.create_user_entity_link] リクエストデータ: {'entity_type': 1, 'entity_relation_id': 13, 'entity_name': 'pytest連携組織_zjir8f', 'notification_email_list': 'pytest_w9e6zi@example.com', 'count_reportout_classification': 5, 'analiris_classification_level': 2}
[2025-08-18 10:43:52][D][src.routers.user_entity_links.create_user_entity_link] DBオブジェクト作成開始
[2025-08-18 10:43:52][D][src.routers.user_entity_links.create_user_entity_link] DBオブジェクト作成完了
[2025-08-18 10:43:52][D][src.routers.user_entity_links.create_user_entity_link] DB保存処理開始
[2025-08-18 10:43:52][D][src.routers.user_entity_links.create_user_entity_link] DB保存処理完了
[2025-08-18 10:43:52][I][src.routers.user_entity_links.create_user_entity_link] ユーザー組織連携作成完了: entity_type=1, entity_relation_id=13
[2025-08-18 10:44:09][I][src.routers.facilities.create_facility] 医療機関作成開始: pytest病院_i36hlz
[2025-08-18 10:44:09][D][src.routers.facilities.create_facility] リクエストデータ: {'medical_name': 'pytest病院_i36hlz', 'address_postal_code': '530-0001', 'address_prefecture': '大阪府', 'address_city': '大阪市北区', 'address_line1': 'テスト区2-2-2', 'address_line2': None, 'phone_number': '01-8595-8672'}
[2025-08-18 10:44:09][D][src.routers.facilities.create_facility] DBオブジェクト作成開始
[2025-08-18 10:44:09][D][src.routers.facilities.create_facility] DBオブジェクト作成完了
[2025-08-18 10:44:09][D][src.routers.facilities.create_facility] DB保存処理開始
[2025-08-18 10:44:09][D][src.routers.facilities.create_facility] DB保存処理完了
[2025-08-18 10:44:09][I][src.routers.facilities.create_facility] 医療機関作成完了: ID=33
[2025-08-18 10:44:09][I][src.routers.facilities.create_facility] 医療機関作成開始: pytest病院_ihkqwm
[2025-08-18 10:44:09][D][src.routers.facilities.create_facility] リクエストデータ: {'medical_name': 'pytest病院_ihkqwm', 'address_postal_code': None, 'address_prefecture': None, 'address_city': None, 'address_line1': None, 'address_line2': None, 'phone_number': None}
[2025-08-18 10:44:09][D][src.routers.facilities.create_facility] DBオブジェクト作成開始
[2025-08-18 10:44:09][D][src.routers.facilities.create_facility] DBオブジェクト作成完了
[2025-08-18 10:44:09][D][src.routers.facilities.create_facility] DB保存処理開始
[2025-08-18 10:44:09][D][src.routers.facilities.create_facility] DB保存処理完了
[2025-08-18 10:44:09][I][src.routers.facilities.create_facility] 医療機関作成完了: ID=34
[2025-08-18 10:44:09][I][src.routers.facilities.create_facility] 医療機関作成開始: pytest病院_gg84ir
[2025-08-18 10:44:09][D][src.routers.facilities.create_facility] リクエストデータ: {'medical_name': 'pytest病院_gg84ir', 'address_postal_code': '100-0001', 'address_prefecture': '東京都', 'address_city': '千代田区', 'address_line1': 'テスト町1-1-1', 'address_line2': None, 'phone_number': '06-2949-8650'}
[2025-08-18 10:44:09][D][src.routers.facilities.create_facility] DBオブジェクト作成開始
[2025-08-18 10:44:09][D][src.routers.facilities.create_facility] DBオブジェクト作成完了
[2025-08-18 10:44:09][D][src.routers.facilities.create_facility] DB保存処理開始
[2025-08-18 10:44:09][D][src.routers.facilities.create_facility] DB保存処理完了
[2025-08-18 10:44:09][I][src.routers.facilities.create_facility] 医療機関作成完了: ID=35
[2025-08-18 10:44:09][I][src.routers.user_entity_links.create_user_entity_link] ユーザー組織連携作成開始: pytest連携組織_2a2dm8
[2025-08-18 10:44:09][D][src.routers.user_entity_links.create_user_entity_link] リクエストデータ: {'entity_type': 1, 'entity_relation_id': 6, 'entity_name': 'pytest連携組織_2a2dm8', 'notification_email_list': 'pytest_b86eej@example.com', 'count_reportout_classification': 5, 'analiris_classification_level': 1}
[2025-08-18 10:44:09][D][src.routers.user_entity_links.create_user_entity_link] DBオブジェクト作成開始
[2025-08-18 10:44:09][D][src.routers.user_entity_links.create_user_entity_link] DBオブジェクト作成完了
[2025-08-18 10:44:09][D][src.routers.user_entity_links.create_user_entity_link] DB保存処理開始
[2025-08-18 10:44:09][D][src.routers.user_entity_links.create_user_entity_link] DB保存処理完了
[2025-08-18 10:44:09][I][src.routers.user_entity_links.create_user_entity_link] ユーザー組織連携作成完了: entity_type=1, entity_relation_id=6
[2025-08-18 10:44:09][I][src.routers.user_entity_links.create_user_entity_link] ユーザー組織連携作成開始: テスト組織
[2025-08-18 10:44:09][D][src.routers.user_entity_links.create_user_entity_link] リクエストデータ: {'entity_type': 2, 'entity_relation_id': 6, 'entity_name': 'テスト組織', 'notification_email_list': 'pytest_k4kbe6@example.com', 'count_reportout_classification': 5, 'analiris_classification_level': 1}
[2025-08-18 10:44:09][I][src.routers.user_entity_links.create_user_entity_link] ユーザー組織連携作成開始: テスト組織
[2025-08-18 10:44:09][D][src.routers.user_entity_links.create_user_entity_link] リクエストデータ: {'entity_type': 1, 'entity_relation_id': 99999, 'entity_name': 'テスト組織', 'notification_email_list': 'pytest_9jvf2f@example.com', 'count_reportout_classification': 5, 'analiris_classification_level': 1}
[2025-08-18 10:44:09][I][src.routers.user_entity_links.create_user_entity_link] ユーザー組織連携作成開始: pytest連携組織_u4xj2r
[2025-08-18 10:44:09][D][src.routers.user_entity_links.create_user_entity_link] リクエストデータ: {'entity_type': 1, 'entity_relation_id': 24, 'entity_name': 'pytest連携組織_u4xj2r', 'notification_email_list': 'pytest_mon2z1@example.com', 'count_reportout_classification': 5, 'analiris_classification_level': 2}
[2025-08-18 10:44:09][D][src.routers.user_entity_links.create_user_entity_link] DBオブジェクト作成開始
[2025-08-18 10:44:09][D][src.routers.user_entity_links.create_user_entity_link] DBオブジェクト作成完了
[2025-08-18 10:44:09][D][src.routers.user_entity_links.create_user_entity_link] DB保存処理開始
[2025-08-18 10:44:09][D][src.routers.user_entity_links.create_user_entity_link] DB保存処理完了
[2025-08-18 10:44:09][I][src.routers.user_entity_links.create_user_entity_link] ユーザー組織連携作成完了: entity_type=1, entity_relation_id=24
[2025-08-18 10:44:09][I][src.routers.user_entity_links.create_user_entity_link] ユーザー組織連携作成開始: pytest連携組織_hqbmq6
[2025-08-18 10:44:09][D][src.routers.user_entity_links.create_user_entity_link] リクエストデータ: {'entity_type': 1, 'entity_relation_id': 32, 'entity_name': 'pytest連携組織_hqbmq6', 'notification_email_list': 'pytest_6x10x3@example.com', 'count_reportout_classification': 5, 'analiris_classification_level': 2}
[2025-08-18 10:44:09][D][src.routers.user_entity_links.create_user_entity_link] DBオブジェクト作成開始
[2025-08-18 10:44:09][D][src.routers.user_entity_links.create_user_entity_link] DBオブジェクト作成完了
[2025-08-18 10:44:09][D][src.routers.user_entity_links.create_user_entity_link] DB保存処理開始
[2025-08-18 10:44:09][D][src.routers.user_entity_links.create_user_entity_link] DB保存処理完了
[2025-08-18 10:44:09][I][src.routers.user_entity_links.create_user_entity_link] ユーザー組織連携作成完了: entity_type=1, entity_relation_id=32
[2025-08-18 10:44:09][I][src.routers.user_entity_links.create_user_entity_link] ユーザー組織連携作成開始: pytest連携組織_0g7ejg
[2025-08-18 10:44:09][D][src.routers.user_entity_links.create_user_entity_link] リクエストデータ: {'entity_type': 1, 'entity_relation_id': 19, 'entity_name': 'pytest連携組織_0g7ejg', 'notification_email_list': 'pytest_b02r3n@example.com', 'count_reportout_classification': 5, 'analiris_classification_level': 2}
[2025-08-18 10:44:09][D][src.routers.user_entity_links.create_user_entity_link] DBオブジェクト作成開始
[2025-08-18 10:44:09][D][src.routers.user_entity_links.create_user_entity_link] DBオブジェクト作成完了
[2025-08-18 10:44:09][D][src.routers.user_entity_links.create_user_entity_link] DB保存処理開始
[2025-08-18 10:44:09][D][src.routers.user_entity_links.create_user_entity_link] DB保存処理完了
[2025-08-18 10:44:09][I][src.routers.user_entity_links.create_user_entity_link] ユーザー組織連携作成完了: entity_type=1, entity_relation_id=19
[2025-08-18 14:36:30][I][src.main.<module>] OptiServe APIサーバー起動
[2025-08-18 14:40:52][I][src.main.<module>] OptiServe APIサーバー起動
[2025-08-18 16:42:36][I][src.main.<module>] OptiServe APIサーバー起動
