[2025-08-14 11:33:38][I][src.main.<module>] OptiServe APIサーバー起動
[2025-08-14 11:40:48][I][src.main.<module>] OptiServe APIサーバー起動
[2025-08-14 11:43:06][I][src.main.<module>] OptiServe APIサーバー起動
[2025-08-14 11:43:27][I][src.main.<module>] OptiServe APIサーバー起動
[2025-08-14 11:43:48][I][src.main.<module>] OptiServe APIサーバー起動
[2025-08-14 11:44:08][I][src.main.<module>] OptiServe APIサーバー起動
[2025-08-14 11:44:22][I][src.main.<module>] OptiServe APIサーバー起動
[2025-08-14 11:44:40][I][src.main.<module>] OptiServe APIサーバー起動
[2025-08-14 11:50:19][I][src.main.<module>] OptiServe APIサーバー起動
[2025-08-14 11:50:33][I][src.main.<module>] OptiServe APIサーバー起動
[2025-08-14 11:50:44][I][src.main.<module>] OptiServe APIサーバー起動
[2025-08-14 11:50:52][I][src.main.<module>] OptiServe APIサーバー起動
[2025-08-14 11:51:00][I][src.main.<module>] OptiServe APIサーバー起動
[2025-08-14 11:51:10][I][src.main.<module>] OptiServe APIサーバー起動
[2025-08-14 11:51:16][I][src.main.<module>] OptiServe APIサーバー起動
[2025-08-14 11:51:21][I][src.main.<module>] OptiServe APIサーバー起動
[2025-08-14 11:51:28][I][src.main.<module>] OptiServe APIサーバー起動
[2025-08-14 11:51:34][I][src.main.<module>] OptiServe APIサーバー起動
[2025-08-14 12:00:39][I][src.main.<module>] OptiServe APIサーバー起動
[2025-08-14 12:00:51][I][src.main.<module>] OptiServe APIサーバー起動
[2025-08-14 13:23:47][I][src.main.<module>] OptiServe APIサーバー起動
[2025-08-14 13:23:59][I][src.main.<module>] OptiServe APIサーバー起動
[2025-08-14 13:24:54][I][src.main.<module>] OptiServe APIサーバー起動
[2025-08-14 13:25:10][I][src.main.<module>] OptiServe APIサーバー起動
[2025-08-14 13:25:23][I][src.main.<module>] OptiServe APIサーバー起動
[2025-08-14 13:29:50][I][src.main.<module>] OptiServe APIサーバー起動
[2025-08-14 13:38:48][I][src.main.<module>] OptiServe APIサーバー起動
[2025-08-14 13:39:49][I][src.main.<module>] OptiServe APIサーバー起動
[2025-08-14 13:40:02][I][src.main.<module>] OptiServe APIサーバー起動
[2025-08-14 13:43:34][I][src.main.<module>] OptiServe APIサーバー起動
[2025-08-14 13:43:42][I][src.main.<module>] OptiServe APIサーバー起動
[2025-08-14 13:49:20][I][src.main.<module>] OptiServe APIサーバー起動
[2025-08-14 13:49:43][I][src.main.<module>] OptiServe APIサーバー起動
[2025-08-14 13:50:03][I][src.routers.facilities.create_facility] 医療機関作成開始: pytest病院_ator8v
[2025-08-14 13:50:03][D][src.routers.facilities.create_facility] リクエストデータ: {'medical_name': 'pytest病院_ator8v', 'address_postal_code': '530-0001', 'address_prefecture': '大阪府', 'address_city': '大阪市北区', 'address_line1': 'テスト区2-2-2', 'address_line2': None, 'phone_number': '09-8655-2976'}
[2025-08-14 13:50:03][D][src.routers.facilities.create_facility] DBオブジェクト作成開始
[2025-08-14 13:50:03][D][src.routers.facilities.create_facility] DBオブジェクト作成完了
[2025-08-14 13:50:03][D][src.routers.facilities.create_facility] DB保存処理開始
[2025-08-14 13:50:03][D][src.routers.facilities.create_facility] DB保存処理完了
[2025-08-14 13:50:03][I][src.routers.facilities.create_facility] 医療機関作成完了: ID=7
[2025-08-14 13:50:03][I][src.routers.facilities.create_facility] 医療機関作成開始: pytest病院_9zx769
[2025-08-14 13:50:03][D][src.routers.facilities.create_facility] リクエストデータ: {'medical_name': 'pytest病院_9zx769', 'address_postal_code': None, 'address_prefecture': None, 'address_city': None, 'address_line1': None, 'address_line2': None, 'phone_number': None}
[2025-08-14 13:50:03][D][src.routers.facilities.create_facility] DBオブジェクト作成開始
[2025-08-14 13:50:03][D][src.routers.facilities.create_facility] DBオブジェクト作成完了
[2025-08-14 13:50:03][D][src.routers.facilities.create_facility] DB保存処理開始
[2025-08-14 13:50:03][D][src.routers.facilities.create_facility] DB保存処理完了
[2025-08-14 13:50:03][I][src.routers.facilities.create_facility] 医療機関作成完了: ID=8
[2025-08-14 13:50:03][I][src.routers.facilities.create_facility] 医療機関作成開始: pytest病院_nkxe36
[2025-08-14 13:50:03][D][src.routers.facilities.create_facility] リクエストデータ: {'medical_name': 'pytest病院_nkxe36', 'address_postal_code': '100-0001', 'address_prefecture': '東京都', 'address_city': '千代田区', 'address_line1': 'テスト町1-1-1', 'address_line2': None, 'phone_number': '01-5725-7245'}
[2025-08-14 13:50:03][D][src.routers.facilities.create_facility] DBオブジェクト作成開始
[2025-08-14 13:50:03][D][src.routers.facilities.create_facility] DBオブジェクト作成完了
[2025-08-14 13:50:03][D][src.routers.facilities.create_facility] DB保存処理開始
[2025-08-14 13:50:03][D][src.routers.facilities.create_facility] DB保存処理完了
[2025-08-14 13:50:03][I][src.routers.facilities.create_facility] 医療機関作成完了: ID=9
[2025-08-14 13:52:51][I][src.main.<module>] OptiServe APIサーバー起動
[2025-08-14 13:52:57][I][src.routers.facilities.create_facility] 医療機関作成開始: pytest病院_p43b15
[2025-08-14 13:52:57][D][src.routers.facilities.create_facility] リクエストデータ: {'medical_name': 'pytest病院_p43b15', 'address_postal_code': '530-0001', 'address_prefecture': '大阪府', 'address_city': '大阪市北区', 'address_line1': 'テスト区2-2-2', 'address_line2': None, 'phone_number': '09-3702-2482'}
[2025-08-14 13:52:57][D][src.routers.facilities.create_facility] DBオブジェクト作成開始
[2025-08-14 13:52:57][D][src.routers.facilities.create_facility] DBオブジェクト作成完了
[2025-08-14 13:52:57][D][src.routers.facilities.create_facility] DB保存処理開始
[2025-08-14 13:52:57][D][src.routers.facilities.create_facility] DB保存処理完了
[2025-08-14 13:52:57][I][src.routers.facilities.create_facility] 医療機関作成完了: ID=10
[2025-08-14 13:52:57][I][src.routers.facilities.create_facility] 医療機関作成開始: pytest病院_bs58xk
[2025-08-14 13:52:57][D][src.routers.facilities.create_facility] リクエストデータ: {'medical_name': 'pytest病院_bs58xk', 'address_postal_code': None, 'address_prefecture': None, 'address_city': None, 'address_line1': None, 'address_line2': None, 'phone_number': None}
[2025-08-14 13:52:57][D][src.routers.facilities.create_facility] DBオブジェクト作成開始
[2025-08-14 13:52:57][D][src.routers.facilities.create_facility] DBオブジェクト作成完了
[2025-08-14 13:52:57][D][src.routers.facilities.create_facility] DB保存処理開始
[2025-08-14 13:52:57][D][src.routers.facilities.create_facility] DB保存処理完了
[2025-08-14 13:52:57][I][src.routers.facilities.create_facility] 医療機関作成完了: ID=11
[2025-08-14 13:52:57][I][src.routers.facilities.create_facility] 医療機関作成開始: pytest病院_i6s1f4
[2025-08-14 13:52:57][D][src.routers.facilities.create_facility] リクエストデータ: {'medical_name': 'pytest病院_i6s1f4', 'address_postal_code': '100-0001', 'address_prefecture': '東京都', 'address_city': '千代田区', 'address_line1': 'テスト町1-1-1', 'address_line2': None, 'phone_number': '04-9142-2034'}
[2025-08-14 13:52:57][D][src.routers.facilities.create_facility] DBオブジェクト作成開始
[2025-08-14 13:52:57][D][src.routers.facilities.create_facility] DBオブジェクト作成完了
[2025-08-14 13:52:57][D][src.routers.facilities.create_facility] DB保存処理開始
[2025-08-14 13:52:57][D][src.routers.facilities.create_facility] DB保存処理完了
[2025-08-14 13:52:57][I][src.routers.facilities.create_facility] 医療機関作成完了: ID=12
[2025-08-14 14:35:32][I][src.main.<module>] OptiServe APIサーバー起動
[2025-08-14 14:36:43][I][src.main.<module>] OptiServe APIサーバー起動
[2025-08-14 14:37:32][I][src.main.<module>] OptiServe APIサーバー起動
[2025-08-14 14:39:07][I][src.main.<module>] OptiServe APIサーバー起動
[2025-08-14 14:39:14][I][src.main.<module>] OptiServe APIサーバー起動
[2025-08-14 14:39:19][I][src.main.<module>] OptiServe APIサーバー起動
[2025-08-14 14:39:29][I][src.main.<module>] OptiServe APIサーバー起動
[2025-08-14 14:39:35][I][src.main.<module>] OptiServe APIサーバー起動
[2025-08-14 14:39:41][I][src.main.<module>] OptiServe APIサーバー起動
[2025-08-14 14:39:48][I][src.main.<module>] OptiServe APIサーバー起動
[2025-08-14 14:57:13][I][src.main.<module>] OptiServe APIサーバー起動
[2025-08-14 14:58:59][I][src.main.<module>] OptiServe APIサーバー起動
[2025-08-14 14:59:06][I][src.main.<module>] OptiServe APIサーバー起動
[2025-08-14 14:59:22][I][src.main.<module>] OptiServe APIサーバー起動
[2025-08-14 14:59:31][I][src.main.<module>] OptiServe APIサーバー起動
[2025-08-14 14:59:40][I][src.main.<module>] OptiServe APIサーバー起動
[2025-08-14 14:59:46][I][src.main.<module>] OptiServe APIサーバー起動
[2025-08-14 15:56:52][I][src.routers.facilities.create_facility] 医療機関作成開始: pytest病院_boy2jx
[2025-08-14 15:56:52][D][src.routers.facilities.create_facility] リクエストデータ: {'medical_name': 'pytest病院_boy2jx', 'address_postal_code': '530-0001', 'address_prefecture': '大阪府', 'address_city': '大阪市北区', 'address_line1': 'テスト区2-2-2', 'address_line2': None, 'phone_number': '07-3203-8707'}
[2025-08-14 15:56:52][D][src.routers.facilities.create_facility] DBオブジェクト作成開始
[2025-08-14 15:56:52][D][src.routers.facilities.create_facility] DBオブジェクト作成完了
[2025-08-14 15:56:52][D][src.routers.facilities.create_facility] DB保存処理開始
[2025-08-14 15:56:52][D][src.routers.facilities.create_facility] DB保存処理完了
[2025-08-14 15:56:52][I][src.routers.facilities.create_facility] 医療機関作成完了: ID=13
[2025-08-14 15:56:52][I][src.routers.facilities.create_facility] 医療機関作成開始: pytest病院_sk08ck
[2025-08-14 15:56:52][D][src.routers.facilities.create_facility] リクエストデータ: {'medical_name': 'pytest病院_sk08ck', 'address_postal_code': None, 'address_prefecture': None, 'address_city': None, 'address_line1': None, 'address_line2': None, 'phone_number': None}
[2025-08-14 15:56:52][D][src.routers.facilities.create_facility] DBオブジェクト作成開始
[2025-08-14 15:56:52][D][src.routers.facilities.create_facility] DBオブジェクト作成完了
[2025-08-14 15:56:52][D][src.routers.facilities.create_facility] DB保存処理開始
[2025-08-14 15:56:52][D][src.routers.facilities.create_facility] DB保存処理完了
[2025-08-14 15:56:52][I][src.routers.facilities.create_facility] 医療機関作成完了: ID=14
[2025-08-14 18:17:32][I][src.main.<module>] OptiServe APIサーバー起動
[2025-08-14 18:17:39][I][src.main.<module>] OptiServe APIサーバー起動
[2025-08-14 18:22:06][I][src.main.<module>] OptiServe APIサーバー起動
[2025-08-14 18:22:20][I][src.main.<module>] OptiServe APIサーバー起動
[2025-08-14 18:22:34][I][src.routers.facilities.create_facility] 医療機関作成開始: pytest病院_hcm0yl
[2025-08-14 18:22:34][D][src.routers.facilities.create_facility] リクエストデータ: {'medical_name': 'pytest病院_hcm0yl', 'address_postal_code': '530-0001', 'address_prefecture': '大阪府', 'address_city': '大阪市北区', 'address_line1': 'テスト区2-2-2', 'address_line2': None, 'phone_number': '07-2986-2548'}
[2025-08-14 18:22:34][D][src.routers.facilities.create_facility] DBオブジェクト作成開始
[2025-08-14 18:22:34][D][src.routers.facilities.create_facility] DBオブジェクト作成完了
[2025-08-14 18:22:34][D][src.routers.facilities.create_facility] DB保存処理開始
[2025-08-14 18:22:34][D][src.routers.facilities.create_facility] DB保存処理完了
[2025-08-14 18:22:34][I][src.routers.facilities.create_facility] 医療機関作成完了: ID=15
[2025-08-14 18:22:34][I][src.routers.facilities.create_facility] 医療機関作成開始: pytest病院_7c7i8b
[2025-08-14 18:22:34][D][src.routers.facilities.create_facility] リクエストデータ: {'medical_name': 'pytest病院_7c7i8b', 'address_postal_code': None, 'address_prefecture': None, 'address_city': None, 'address_line1': None, 'address_line2': None, 'phone_number': None}
[2025-08-14 18:22:34][D][src.routers.facilities.create_facility] DBオブジェクト作成開始
[2025-08-14 18:22:34][D][src.routers.facilities.create_facility] DBオブジェクト作成完了
[2025-08-14 18:22:34][D][src.routers.facilities.create_facility] DB保存処理開始
[2025-08-14 18:22:34][D][src.routers.facilities.create_facility] DB保存処理完了
[2025-08-14 18:22:34][I][src.routers.facilities.create_facility] 医療機関作成完了: ID=16
[2025-08-14 18:22:34][I][src.routers.facilities.create_facility] 医療機関作成開始: pytest病院_clfr8q
[2025-08-14 18:22:34][D][src.routers.facilities.create_facility] リクエストデータ: {'medical_name': 'pytest病院_clfr8q', 'address_postal_code': '100-0001', 'address_prefecture': '東京都', 'address_city': '千代田区', 'address_line1': 'テスト町1-1-1', 'address_line2': None, 'phone_number': '05-5398-3037'}
[2025-08-14 18:22:34][D][src.routers.facilities.create_facility] DBオブジェクト作成開始
[2025-08-14 18:22:34][D][src.routers.facilities.create_facility] DBオブジェクト作成完了
[2025-08-14 18:22:34][D][src.routers.facilities.create_facility] DB保存処理開始
[2025-08-14 18:22:34][D][src.routers.facilities.create_facility] DB保存処理完了
[2025-08-14 18:22:34][I][src.routers.facilities.create_facility] 医療機関作成完了: ID=17
[2025-08-14 18:23:41][I][src.main.<module>] OptiServe APIサーバー起動
[2025-08-14 18:24:01][I][src.main.<module>] OptiServe APIサーバー起動
[2025-08-14 18:27:42][I][src.main.<module>] OptiServe APIサーバー起動
[2025-08-14 18:27:50][I][src.main.<module>] OptiServe APIサーバー起動
[2025-08-14 18:27:56][I][src.main.<module>] OptiServe APIサーバー起動
[2025-08-14 18:28:01][I][src.main.<module>] OptiServe APIサーバー起動
[2025-08-14 18:28:07][I][src.main.<module>] OptiServe APIサーバー起動
[2025-08-14 18:28:58][I][src.main.<module>] OptiServe APIサーバー起動
[2025-08-14 18:29:05][I][src.main.<module>] OptiServe APIサーバー起動
[2025-08-14 18:29:34][I][src.routers.facilities.create_facility] 医療機関作成開始: pytest病院_oa8ex6
[2025-08-14 18:29:34][D][src.routers.facilities.create_facility] リクエストデータ: {'medical_name': 'pytest病院_oa8ex6', 'address_postal_code': '530-0001', 'address_prefecture': '大阪府', 'address_city': '大阪市北区', 'address_line1': 'テスト区2-2-2', 'address_line2': None, 'phone_number': '05-5864-8828'}
[2025-08-14 18:29:34][D][src.routers.facilities.create_facility] DBオブジェクト作成開始
[2025-08-14 18:29:34][D][src.routers.facilities.create_facility] DBオブジェクト作成完了
[2025-08-14 18:29:34][D][src.routers.facilities.create_facility] DB保存処理開始
[2025-08-14 18:29:34][D][src.routers.facilities.create_facility] DB保存処理完了
[2025-08-14 18:29:34][I][src.routers.facilities.create_facility] 医療機関作成完了: ID=18
[2025-08-14 18:29:34][I][src.routers.facilities.create_facility] 医療機関作成開始: pytest病院_mzs2fi
[2025-08-14 18:29:34][D][src.routers.facilities.create_facility] リクエストデータ: {'medical_name': 'pytest病院_mzs2fi', 'address_postal_code': None, 'address_prefecture': None, 'address_city': None, 'address_line1': None, 'address_line2': None, 'phone_number': None}
[2025-08-14 18:29:34][D][src.routers.facilities.create_facility] DBオブジェクト作成開始
[2025-08-14 18:29:34][D][src.routers.facilities.create_facility] DBオブジェクト作成完了
[2025-08-14 18:29:34][D][src.routers.facilities.create_facility] DB保存処理開始
[2025-08-14 18:29:34][D][src.routers.facilities.create_facility] DB保存処理完了
[2025-08-14 18:29:34][I][src.routers.facilities.create_facility] 医療機関作成完了: ID=19
[2025-08-14 18:29:34][I][src.routers.facilities.create_facility] 医療機関作成開始: pytest病院_u7ngd3
[2025-08-14 18:29:34][D][src.routers.facilities.create_facility] リクエストデータ: {'medical_name': 'pytest病院_u7ngd3', 'address_postal_code': '100-0001', 'address_prefecture': '東京都', 'address_city': '千代田区', 'address_line1': 'テスト町1-1-1', 'address_line2': None, 'phone_number': '09-8668-8240'}
[2025-08-14 18:29:34][D][src.routers.facilities.create_facility] DBオブジェクト作成開始
[2025-08-14 18:29:34][D][src.routers.facilities.create_facility] DBオブジェクト作成完了
[2025-08-14 18:29:34][D][src.routers.facilities.create_facility] DB保存処理開始
[2025-08-14 18:29:34][D][src.routers.facilities.create_facility] DB保存処理完了
[2025-08-14 18:29:34][I][src.routers.facilities.create_facility] 医療機関作成完了: ID=20
[2025-08-14 18:29:34][I][src.routers.user_entity_links.create_user_entity_link] ユーザー組織連携作成開始: pytest連携組織_5k9j1o
[2025-08-14 18:29:34][D][src.routers.user_entity_links.create_user_entity_link] リクエストデータ: {'entity_type': 1, 'entity_relation_id': 6, 'entity_name': 'pytest連携組織_5k9j1o', 'notification_email_list': 'pytest_a01rei@example.com', 'count_reportout_classification': 5, 'analiris_classification_level': 1}
[2025-08-14 18:29:34][D][src.routers.user_entity_links.create_user_entity_link] DBオブジェクト作成開始
[2025-08-14 18:29:34][D][src.routers.user_entity_links.create_user_entity_link] DBオブジェクト作成完了
[2025-08-14 18:29:34][D][src.routers.user_entity_links.create_user_entity_link] DB保存処理開始
[2025-08-14 18:29:34][D][src.routers.user_entity_links.create_user_entity_link] DB保存処理完了
[2025-08-14 18:29:34][I][src.routers.user_entity_links.create_user_entity_link] ユーザー組織連携作成完了: entity_type=1, entity_relation_id=6
[2025-08-14 18:29:34][I][src.routers.user_entity_links.create_user_entity_link] ユーザー組織連携作成開始: テスト組織
[2025-08-14 18:29:34][D][src.routers.user_entity_links.create_user_entity_link] リクエストデータ: {'entity_type': 2, 'entity_relation_id': 6, 'entity_name': 'テスト組織', 'notification_email_list': 'pytest_oicboq@example.com', 'count_reportout_classification': 5, 'analiris_classification_level': 1}
[2025-08-14 18:29:34][I][src.routers.user_entity_links.create_user_entity_link] ユーザー組織連携作成開始: テスト組織
[2025-08-14 18:29:34][D][src.routers.user_entity_links.create_user_entity_link] リクエストデータ: {'entity_type': 1, 'entity_relation_id': 99999, 'entity_name': 'テスト組織', 'notification_email_list': 'pytest_1523it@example.com', 'count_reportout_classification': 5, 'analiris_classification_level': 1}
[2025-08-14 18:29:34][I][src.routers.user_entity_links.create_user_entity_link] ユーザー組織連携作成開始: pytest連携組織_a96djn
[2025-08-14 18:29:34][D][src.routers.user_entity_links.create_user_entity_link] リクエストデータ: {'entity_type': 1, 'entity_relation_id': 7, 'entity_name': 'pytest連携組織_a96djn', 'notification_email_list': 'pytest_vyuarl@example.com', 'count_reportout_classification': 5, 'analiris_classification_level': 2}
[2025-08-14 18:29:34][D][src.routers.user_entity_links.create_user_entity_link] DBオブジェクト作成開始
[2025-08-14 18:29:34][D][src.routers.user_entity_links.create_user_entity_link] DBオブジェクト作成完了
[2025-08-14 18:29:34][D][src.routers.user_entity_links.create_user_entity_link] DB保存処理開始
[2025-08-14 18:29:34][D][src.routers.user_entity_links.create_user_entity_link] DB保存処理完了
[2025-08-14 18:29:34][I][src.routers.user_entity_links.create_user_entity_link] ユーザー組織連携作成完了: entity_type=1, entity_relation_id=7
[2025-08-14 18:29:34][I][src.routers.user_entity_links.create_user_entity_link] ユーザー組織連携作成開始: pytest連携組織_iv19u6
[2025-08-14 18:29:34][D][src.routers.user_entity_links.create_user_entity_link] リクエストデータ: {'entity_type': 1, 'entity_relation_id': 7, 'entity_name': 'pytest連携組織_iv19u6', 'notification_email_list': 'pytest_ik7ad4@example.com', 'count_reportout_classification': 5, 'analiris_classification_level': 2}
[2025-08-14 18:29:34][D][src.routers.user_entity_links.create_user_entity_link] DBオブジェクト作成開始
[2025-08-14 18:29:34][D][src.routers.user_entity_links.create_user_entity_link] DBオブジェクト作成完了
[2025-08-14 18:29:34][D][src.routers.user_entity_links.create_user_entity_link] DB保存処理開始
[2025-08-14 18:29:34][E][src.routers.user_entity_links.create_user_entity_link] ユーザー組織連携作成エラー: (sqlite3.IntegrityError) UNIQUE constraint failed: user_entity_link.entity_type, user_entity_link.entity_relation_id
[SQL: INSERT INTO user_entity_link (entity_type, entity_relation_id, entity_name, entity_address_postal_code, entity_address_prefecture, entity_address_city, entity_address_line1, entity_address_line2, entity_phone_number, notification_email_list, count_reportout_classification, analiris_classification_level, reg_user_id, regdate, update_user_id, lastupdate) VALUES (?, ?, ?, ?, ?, ?, ?, ?, ?, ?, ?, ?, ?, ?, ?, ?)]
[parameters: (1, 7, 'pytest連携組織_iv19u6', None, None, None, None, None, None, '["pytest_ik7ad4@example.com"]', 5, 2, 900001, '2025-08-14 18:29:34.344357', 900001, '2025-08-14 18:29:34.344357')]
(Background on this error at: https://sqlalche.me/e/20/gkpj)
[2025-08-14 18:30:29][I][src.main.<module>] OptiServe APIサーバー起動
[2025-08-14 18:31:45][I][src.routers.user_entity_links.create_user_entity_link] ユーザー組織連携作成開始: pytest連携組織_ho2s40
[2025-08-14 18:31:45][D][src.routers.user_entity_links.create_user_entity_link] リクエストデータ: {'entity_type': 1, 'entity_relation_id': 6, 'entity_name': 'pytest連携組織_ho2s40', 'notification_email_list': 'pytest_aywnm0@example.com', 'count_reportout_classification': 5, 'analiris_classification_level': 1}
[2025-08-14 18:31:45][D][src.routers.user_entity_links.create_user_entity_link] DBオブジェクト作成開始
[2025-08-14 18:31:45][D][src.routers.user_entity_links.create_user_entity_link] DBオブジェクト作成完了
[2025-08-14 18:31:45][D][src.routers.user_entity_links.create_user_entity_link] DB保存処理開始
[2025-08-14 18:31:45][E][src.routers.user_entity_links.create_user_entity_link] ユーザー組織連携作成エラー: (sqlite3.IntegrityError) UNIQUE constraint failed: user_entity_link.entity_type, user_entity_link.entity_relation_id
[SQL: INSERT INTO user_entity_link (entity_type, entity_relation_id, entity_name, entity_address_postal_code, entity_address_prefecture, entity_address_city, entity_address_line1, entity_address_line2, entity_phone_number, notification_email_list, count_reportout_classification, analiris_classification_level, reg_user_id, regdate, update_user_id, lastupdate) VALUES (?, ?, ?, ?, ?, ?, ?, ?, ?, ?, ?, ?, ?, ?, ?, ?)]
[parameters: (1, 6, 'pytest連携組織_ho2s40', None, None, None, None, None, None, '["pytest_aywnm0@example.com"]', 5, 1, 900001, '2025-08-14 18:31:45.038480', 900001, '2025-08-14 18:31:45.038480')]
(Background on this error at: https://sqlalche.me/e/20/gkpj)
[2025-08-14 18:32:04][I][src.main.<module>] OptiServe APIサーバー起動
[2025-08-14 18:32:12][I][src.routers.user_entity_links.create_user_entity_link] ユーザー組織連携作成開始: pytest連携組織_oik5pt
[2025-08-14 18:32:12][D][src.routers.user_entity_links.create_user_entity_link] リクエストデータ: {'entity_type': 1, 'entity_relation_id': 6, 'entity_name': 'pytest連携組織_oik5pt', 'notification_email_list': 'pytest_j8zewa@example.com', 'count_reportout_classification': 5, 'analiris_classification_level': 1}
[2025-08-14 18:32:12][D][src.routers.user_entity_links.create_user_entity_link] DBオブジェクト作成開始
[2025-08-14 18:32:12][D][src.routers.user_entity_links.create_user_entity_link] DBオブジェクト作成完了
[2025-08-14 18:32:12][D][src.routers.user_entity_links.create_user_entity_link] DB保存処理開始
[2025-08-14 18:32:12][D][src.routers.user_entity_links.create_user_entity_link] DB保存処理完了
[2025-08-14 18:32:12][I][src.routers.user_entity_links.create_user_entity_link] ユーザー組織連携作成完了: entity_type=1, entity_relation_id=6
[2025-08-14 18:32:26][I][src.main.<module>] OptiServe APIサーバー起動
[2025-08-14 18:32:38][I][src.main.<module>] OptiServe APIサーバー起動
[2025-08-14 18:32:48][I][src.main.<module>] OptiServe APIサーバー起動
[2025-08-14 18:33:13][I][src.main.<module>] OptiServe APIサーバー起動
[2025-08-14 18:33:31][I][src.main.<module>] OptiServe APIサーバー起動
[2025-08-14 18:33:38][I][src.main.<module>] OptiServe APIサーバー起動
[2025-08-14 18:33:56][I][src.main.<module>] OptiServe APIサーバー起動
[2025-08-14 18:34:38][I][src.main.<module>] OptiServe APIサーバー起動
[2025-08-14 18:34:43][I][src.main.<module>] OptiServe APIサーバー起動
[2025-08-14 18:34:54][I][src.main.<module>] OptiServe APIサーバー起動
[2025-08-14 18:35:11][I][src.main.<module>] OptiServe APIサーバー起動
[2025-08-14 18:35:16][I][src.main.<module>] OptiServe APIサーバー起動
[2025-08-14 18:35:21][I][src.main.<module>] OptiServe APIサーバー起動
[2025-08-14 18:35:58][I][src.main.<module>] OptiServe APIサーバー起動
[2025-08-14 18:36:10][I][src.main.<module>] OptiServe APIサーバー起動
[2025-08-14 18:40:06][I][src.main.<module>] OptiServe APIサーバー起動
[2025-08-14 18:40:22][I][src.main.<module>] OptiServe APIサーバー起動
[2025-08-14 18:40:53][I][src.main.<module>] OptiServe APIサーバー起動
[2025-08-14 18:41:26][I][src.main.<module>] OptiServe APIサーバー起動
[2025-08-14 18:41:39][I][src.routers.user_entity_links.create_user_entity_link] ユーザー組織連携作成開始: pytest連携組織_nthk1j
[2025-08-14 18:41:39][D][src.routers.user_entity_links.create_user_entity_link] リクエストデータ: {'entity_type': 1, 'entity_relation_id': 15, 'entity_name': 'pytest連携組織_nthk1j', 'notification_email_list': 'pytest_743tjb@example.com', 'count_reportout_classification': 5, 'analiris_classification_level': 2}
[2025-08-14 18:41:39][D][src.routers.user_entity_links.create_user_entity_link] DBオブジェクト作成開始
[2025-08-14 18:41:39][D][src.routers.user_entity_links.create_user_entity_link] DBオブジェクト作成完了
[2025-08-14 18:41:39][D][src.routers.user_entity_links.create_user_entity_link] DB保存処理開始
[2025-08-14 18:41:39][D][src.routers.user_entity_links.create_user_entity_link] DB保存処理完了
[2025-08-14 18:41:39][I][src.routers.user_entity_links.create_user_entity_link] ユーザー組織連携作成完了: entity_type=1, entity_relation_id=15
[2025-08-14 18:41:52][I][src.routers.facilities.create_facility] 医療機関作成開始: pytest病院_8mq5w2
[2025-08-14 18:41:52][D][src.routers.facilities.create_facility] リクエストデータ: {'medical_name': 'pytest病院_8mq5w2', 'address_postal_code': '530-0001', 'address_prefecture': '大阪府', 'address_city': '大阪市北区', 'address_line1': 'テスト区2-2-2', 'address_line2': None, 'phone_number': '06-2594-2653'}
[2025-08-14 18:41:52][D][src.routers.facilities.create_facility] DBオブジェクト作成開始
[2025-08-14 18:41:52][D][src.routers.facilities.create_facility] DBオブジェクト作成完了
[2025-08-14 18:41:52][D][src.routers.facilities.create_facility] DB保存処理開始
[2025-08-14 18:41:52][D][src.routers.facilities.create_facility] DB保存処理完了
[2025-08-14 18:41:52][I][src.routers.facilities.create_facility] 医療機関作成完了: ID=21
[2025-08-14 18:41:52][I][src.routers.facilities.create_facility] 医療機関作成開始: pytest病院_d7ngoe
[2025-08-14 18:41:52][D][src.routers.facilities.create_facility] リクエストデータ: {'medical_name': 'pytest病院_d7ngoe', 'address_postal_code': None, 'address_prefecture': None, 'address_city': None, 'address_line1': None, 'address_line2': None, 'phone_number': None}
[2025-08-14 18:41:52][D][src.routers.facilities.create_facility] DBオブジェクト作成開始
[2025-08-14 18:41:52][D][src.routers.facilities.create_facility] DBオブジェクト作成完了
[2025-08-14 18:41:52][D][src.routers.facilities.create_facility] DB保存処理開始
[2025-08-14 18:41:52][D][src.routers.facilities.create_facility] DB保存処理完了
[2025-08-14 18:41:52][I][src.routers.facilities.create_facility] 医療機関作成完了: ID=22
[2025-08-14 18:41:52][I][src.routers.facilities.create_facility] 医療機関作成開始: pytest病院_473hk9
[2025-08-14 18:41:52][D][src.routers.facilities.create_facility] リクエストデータ: {'medical_name': 'pytest病院_473hk9', 'address_postal_code': '100-0001', 'address_prefecture': '東京都', 'address_city': '千代田区', 'address_line1': 'テスト町1-1-1', 'address_line2': None, 'phone_number': '02-4465-4344'}
[2025-08-14 18:41:52][D][src.routers.facilities.create_facility] DBオブジェクト作成開始
[2025-08-14 18:41:52][D][src.routers.facilities.create_facility] DBオブジェクト作成完了
[2025-08-14 18:41:52][D][src.routers.facilities.create_facility] DB保存処理開始
[2025-08-14 18:41:52][D][src.routers.facilities.create_facility] DB保存処理完了
[2025-08-14 18:41:52][I][src.routers.facilities.create_facility] 医療機関作成完了: ID=23
[2025-08-14 18:41:52][I][src.routers.user_entity_links.create_user_entity_link] ユーザー組織連携作成開始: pytest連携組織_yd4zet
[2025-08-14 18:41:52][D][src.routers.user_entity_links.create_user_entity_link] リクエストデータ: {'entity_type': 1, 'entity_relation_id': 6, 'entity_name': 'pytest連携組織_yd4zet', 'notification_email_list': 'pytest_7zyp20@example.com', 'count_reportout_classification': 5, 'analiris_classification_level': 1}
[2025-08-14 18:41:52][D][src.routers.user_entity_links.create_user_entity_link] DBオブジェクト作成開始
[2025-08-14 18:41:52][D][src.routers.user_entity_links.create_user_entity_link] DBオブジェクト作成完了
[2025-08-14 18:41:52][D][src.routers.user_entity_links.create_user_entity_link] DB保存処理開始
[2025-08-14 18:41:52][D][src.routers.user_entity_links.create_user_entity_link] DB保存処理完了
[2025-08-14 18:41:52][I][src.routers.user_entity_links.create_user_entity_link] ユーザー組織連携作成完了: entity_type=1, entity_relation_id=6
[2025-08-14 18:41:52][I][src.routers.user_entity_links.create_user_entity_link] ユーザー組織連携作成開始: テスト組織
[2025-08-14 18:41:52][D][src.routers.user_entity_links.create_user_entity_link] リクエストデータ: {'entity_type': 2, 'entity_relation_id': 6, 'entity_name': 'テスト組織', 'notification_email_list': 'pytest_ykx5il@example.com', 'count_reportout_classification': 5, 'analiris_classification_level': 1}
[2025-08-14 18:41:52][I][src.routers.user_entity_links.create_user_entity_link] ユーザー組織連携作成開始: テスト組織
[2025-08-14 18:41:52][D][src.routers.user_entity_links.create_user_entity_link] リクエストデータ: {'entity_type': 1, 'entity_relation_id': 99999, 'entity_name': 'テスト組織', 'notification_email_list': 'pytest_apvot7@example.com', 'count_reportout_classification': 5, 'analiris_classification_level': 1}
[2025-08-14 18:41:52][I][src.routers.user_entity_links.create_user_entity_link] ユーザー組織連携作成開始: pytest連携組織_0rabpt
[2025-08-14 18:41:52][D][src.routers.user_entity_links.create_user_entity_link] リクエストデータ: {'entity_type': 1, 'entity_relation_id': 9, 'entity_name': 'pytest連携組織_0rabpt', 'notification_email_list': 'pytest_10gux8@example.com', 'count_reportout_classification': 5, 'analiris_classification_level': 2}
[2025-08-14 18:41:52][D][src.routers.user_entity_links.create_user_entity_link] DBオブジェクト作成開始
[2025-08-14 18:41:52][D][src.routers.user_entity_links.create_user_entity_link] DBオブジェクト作成完了
[2025-08-14 18:41:52][D][src.routers.user_entity_links.create_user_entity_link] DB保存処理開始
[2025-08-14 18:41:52][D][src.routers.user_entity_links.create_user_entity_link] DB保存処理完了
[2025-08-14 18:41:52][I][src.routers.user_entity_links.create_user_entity_link] ユーザー組織連携作成完了: entity_type=1, entity_relation_id=9
[2025-08-14 18:41:52][I][src.routers.user_entity_links.create_user_entity_link] ユーザー組織連携作成開始: pytest連携組織_pseqib
[2025-08-14 18:41:52][D][src.routers.user_entity_links.create_user_entity_link] リクエストデータ: {'entity_type': 1, 'entity_relation_id': 20, 'entity_name': 'pytest連携組織_pseqib', 'notification_email_list': 'pytest_63u32t@example.com', 'count_reportout_classification': 5, 'analiris_classification_level': 2}
[2025-08-14 18:41:52][D][src.routers.user_entity_links.create_user_entity_link] DBオブジェクト作成開始
[2025-08-14 18:41:52][D][src.routers.user_entity_links.create_user_entity_link] DBオブジェクト作成完了
[2025-08-14 18:41:52][D][src.routers.user_entity_links.create_user_entity_link] DB保存処理開始
[2025-08-14 18:41:52][D][src.routers.user_entity_links.create_user_entity_link] DB保存処理完了
[2025-08-14 18:41:52][I][src.routers.user_entity_links.create_user_entity_link] ユーザー組織連携作成完了: entity_type=1, entity_relation_id=20
[2025-08-14 18:41:52][I][src.routers.user_entity_links.create_user_entity_link] ユーザー組織連携作成開始: pytest連携組織_vptcez
[2025-08-14 18:41:52][D][src.routers.user_entity_links.create_user_entity_link] リクエストデータ: {'entity_type': 1, 'entity_relation_id': 23, 'entity_name': 'pytest連携組織_vptcez', 'notification_email_list': 'pytest_qr2jyb@example.com', 'count_reportout_classification': 5, 'analiris_classification_level': 2}
[2025-08-14 18:41:52][D][src.routers.user_entity_links.create_user_entity_link] DBオブジェクト作成開始
[2025-08-14 18:41:52][D][src.routers.user_entity_links.create_user_entity_link] DBオブジェクト作成完了
[2025-08-14 18:41:52][D][src.routers.user_entity_links.create_user_entity_link] DB保存処理開始
[2025-08-14 18:41:52][D][src.routers.user_entity_links.create_user_entity_link] DB保存処理完了
[2025-08-14 18:41:52][I][src.routers.user_entity_links.create_user_entity_link] ユーザー組織連携作成完了: entity_type=1, entity_relation_id=23
[2025-08-14 18:42:12][I][src.main.<module>] OptiServe APIサーバー起動
[2025-08-14 18:43:24][I][src.main.<module>] OptiServe APIサーバー起動
[2025-08-14 18:43:43][I][src.main.<module>] OptiServe APIサーバー起動
[2025-08-14 18:43:49][I][src.main.<module>] OptiServe APIサーバー起動
[2025-08-14 18:43:59][I][src.main.<module>] OptiServe APIサーバー起動
[2025-08-14 18:44:08][I][src.main.<module>] OptiServe APIサーバー起動
[2025-08-14 18:44:52][I][src.routers.facilities.create_facility] 医療機関作成開始: pytest病院_2ie73v
[2025-08-14 18:44:52][D][src.routers.facilities.create_facility] リクエストデータ: {'medical_name': 'pytest病院_2ie73v', 'address_postal_code': '530-0001', 'address_prefecture': '大阪府', 'address_city': '大阪市北区', 'address_line1': 'テスト区2-2-2', 'address_line2': None, 'phone_number': '01-9998-6813'}
[2025-08-14 18:44:52][D][src.routers.facilities.create_facility] DBオブジェクト作成開始
[2025-08-14 18:44:52][D][src.routers.facilities.create_facility] DBオブジェクト作成完了
[2025-08-14 18:44:52][D][src.routers.facilities.create_facility] DB保存処理開始
[2025-08-14 18:44:52][D][src.routers.facilities.create_facility] DB保存処理完了
[2025-08-14 18:44:52][I][src.routers.facilities.create_facility] 医療機関作成完了: ID=24
[2025-08-14 18:44:52][I][src.routers.facilities.create_facility] 医療機関作成開始: pytest病院_7be1o8
[2025-08-14 18:44:52][D][src.routers.facilities.create_facility] リクエストデータ: {'medical_name': 'pytest病院_7be1o8', 'address_postal_code': None, 'address_prefecture': None, 'address_city': None, 'address_line1': None, 'address_line2': None, 'phone_number': None}
[2025-08-14 18:44:52][D][src.routers.facilities.create_facility] DBオブジェクト作成開始
[2025-08-14 18:44:52][D][src.routers.facilities.create_facility] DBオブジェクト作成完了
[2025-08-14 18:44:52][D][src.routers.facilities.create_facility] DB保存処理開始
[2025-08-14 18:44:52][D][src.routers.facilities.create_facility] DB保存処理完了
[2025-08-14 18:44:52][I][src.routers.facilities.create_facility] 医療機関作成完了: ID=25
[2025-08-14 18:44:52][I][src.routers.facilities.create_facility] 医療機関作成開始: pytest病院_kyk5qr
[2025-08-14 18:44:52][D][src.routers.facilities.create_facility] リクエストデータ: {'medical_name': 'pytest病院_kyk5qr', 'address_postal_code': '100-0001', 'address_prefecture': '東京都', 'address_city': '千代田区', 'address_line1': 'テスト町1-1-1', 'address_line2': None, 'phone_number': '09-6143-1056'}
[2025-08-14 18:44:52][D][src.routers.facilities.create_facility] DBオブジェクト作成開始
[2025-08-14 18:44:52][D][src.routers.facilities.create_facility] DBオブジェクト作成完了
[2025-08-14 18:44:52][D][src.routers.facilities.create_facility] DB保存処理開始
[2025-08-14 18:44:52][D][src.routers.facilities.create_facility] DB保存処理完了
[2025-08-14 18:44:52][I][src.routers.facilities.create_facility] 医療機関作成完了: ID=26
[2025-08-14 18:44:52][I][src.routers.user_entity_links.create_user_entity_link] ユーザー組織連携作成開始: pytest連携組織_qenw6h
[2025-08-14 18:44:52][D][src.routers.user_entity_links.create_user_entity_link] リクエストデータ: {'entity_type': 1, 'entity_relation_id': 6, 'entity_name': 'pytest連携組織_qenw6h', 'notification_email_list': 'pytest_ariqfn@example.com', 'count_reportout_classification': 5, 'analiris_classification_level': 1}
[2025-08-14 18:44:52][D][src.routers.user_entity_links.create_user_entity_link] DBオブジェクト作成開始
[2025-08-14 18:44:52][D][src.routers.user_entity_links.create_user_entity_link] DBオブジェクト作成完了
[2025-08-14 18:44:52][D][src.routers.user_entity_links.create_user_entity_link] DB保存処理開始
[2025-08-14 18:44:52][D][src.routers.user_entity_links.create_user_entity_link] DB保存処理完了
[2025-08-14 18:44:52][I][src.routers.user_entity_links.create_user_entity_link] ユーザー組織連携作成完了: entity_type=1, entity_relation_id=6
[2025-08-14 18:44:52][I][src.routers.user_entity_links.create_user_entity_link] ユーザー組織連携作成開始: テスト組織
[2025-08-14 18:44:52][D][src.routers.user_entity_links.create_user_entity_link] リクエストデータ: {'entity_type': 2, 'entity_relation_id': 6, 'entity_name': 'テスト組織', 'notification_email_list': 'pytest_1t0dqa@example.com', 'count_reportout_classification': 5, 'analiris_classification_level': 1}
[2025-08-14 18:44:52][I][src.routers.user_entity_links.create_user_entity_link] ユーザー組織連携作成開始: テスト組織
[2025-08-14 18:44:52][D][src.routers.user_entity_links.create_user_entity_link] リクエストデータ: {'entity_type': 1, 'entity_relation_id': 99999, 'entity_name': 'テスト組織', 'notification_email_list': 'pytest_7apkja@example.com', 'count_reportout_classification': 5, 'analiris_classification_level': 1}
[2025-08-14 18:44:52][I][src.routers.user_entity_links.create_user_entity_link] ユーザー組織連携作成開始: pytest連携組織_8qox3w
[2025-08-14 18:44:52][D][src.routers.user_entity_links.create_user_entity_link] リクエストデータ: {'entity_type': 1, 'entity_relation_id': 11, 'entity_name': 'pytest連携組織_8qox3w', 'notification_email_list': 'pytest_qa0bkn@example.com', 'count_reportout_classification': 5, 'analiris_classification_level': 2}
[2025-08-14 18:44:52][D][src.routers.user_entity_links.create_user_entity_link] DBオブジェクト作成開始
[2025-08-14 18:44:52][D][src.routers.user_entity_links.create_user_entity_link] DBオブジェクト作成完了
[2025-08-14 18:44:52][D][src.routers.user_entity_links.create_user_entity_link] DB保存処理開始
[2025-08-14 18:44:52][D][src.routers.user_entity_links.create_user_entity_link] DB保存処理完了
[2025-08-14 18:44:52][I][src.routers.user_entity_links.create_user_entity_link] ユーザー組織連携作成完了: entity_type=1, entity_relation_id=11
[2025-08-14 18:44:52][I][src.routers.user_entity_links.create_user_entity_link] ユーザー組織連携作成開始: pytest連携組織_9xiz9t
[2025-08-14 18:44:52][D][src.routers.user_entity_links.create_user_entity_link] リクエストデータ: {'entity_type': 1, 'entity_relation_id': 18, 'entity_name': 'pytest連携組織_9xiz9t', 'notification_email_list': 'pytest_iodrn6@example.com', 'count_reportout_classification': 5, 'analiris_classification_level': 2}
[2025-08-14 18:44:52][D][src.routers.user_entity_links.create_user_entity_link] DBオブジェクト作成開始
[2025-08-14 18:44:52][D][src.routers.user_entity_links.create_user_entity_link] DBオブジェクト作成完了
[2025-08-14 18:44:52][D][src.routers.user_entity_links.create_user_entity_link] DB保存処理開始
[2025-08-14 18:44:52][D][src.routers.user_entity_links.create_user_entity_link] DB保存処理完了
[2025-08-14 18:44:52][I][src.routers.user_entity_links.create_user_entity_link] ユーザー組織連携作成完了: entity_type=1, entity_relation_id=18
[2025-08-14 18:44:52][I][src.routers.user_entity_links.create_user_entity_link] ユーザー組織連携作成開始: pytest連携組織_29ps13
[2025-08-14 18:44:52][D][src.routers.user_entity_links.create_user_entity_link] リクエストデータ: {'entity_type': 1, 'entity_relation_id': 8, 'entity_name': 'pytest連携組織_29ps13', 'notification_email_list': 'pytest_cyketg@example.com', 'count_reportout_classification': 5, 'analiris_classification_level': 2}
[2025-08-14 18:44:52][D][src.routers.user_entity_links.create_user_entity_link] DBオブジェクト作成開始
[2025-08-14 18:44:52][D][src.routers.user_entity_links.create_user_entity_link] DBオブジェクト作成完了
[2025-08-14 18:44:52][D][src.routers.user_entity_links.create_user_entity_link] DB保存処理開始
[2025-08-14 18:44:52][D][src.routers.user_entity_links.create_user_entity_link] DB保存処理完了
[2025-08-14 18:44:52][I][src.routers.user_entity_links.create_user_entity_link] ユーザー組織連携作成完了: entity_type=1, entity_relation_id=8
[2025-08-14 18:46:58][I][src.routers.facilities.create_facility] 医療機関作成開始: pytest病院_654hp2
[2025-08-14 18:46:58][D][src.routers.facilities.create_facility] リクエストデータ: {'medical_name': 'pytest病院_654hp2', 'address_postal_code': '530-0001', 'address_prefecture': '大阪府', 'address_city': '大阪市北区', 'address_line1': 'テスト区2-2-2', 'address_line2': None, 'phone_number': '01-1383-6811'}
[2025-08-14 18:46:58][D][src.routers.facilities.create_facility] DBオブジェクト作成開始
[2025-08-14 18:46:58][D][src.routers.facilities.create_facility] DBオブジェクト作成完了
[2025-08-14 18:46:58][D][src.routers.facilities.create_facility] DB保存処理開始
[2025-08-14 18:46:58][D][src.routers.facilities.create_facility] DB保存処理完了
[2025-08-14 18:46:58][I][src.routers.facilities.create_facility] 医療機関作成完了: ID=27
[2025-08-14 18:46:58][I][src.routers.facilities.create_facility] 医療機関作成開始: pytest病院_on5reg
[2025-08-14 18:46:58][D][src.routers.facilities.create_facility] リクエストデータ: {'medical_name': 'pytest病院_on5reg', 'address_postal_code': None, 'address_prefecture': None, 'address_city': None, 'address_line1': None, 'address_line2': None, 'phone_number': None}
[2025-08-14 18:46:58][D][src.routers.facilities.create_facility] DBオブジェクト作成開始
[2025-08-14 18:46:58][D][src.routers.facilities.create_facility] DBオブジェクト作成完了
[2025-08-14 18:46:58][D][src.routers.facilities.create_facility] DB保存処理開始
[2025-08-14 18:46:58][D][src.routers.facilities.create_facility] DB保存処理完了
[2025-08-14 18:46:58][I][src.routers.facilities.create_facility] 医療機関作成完了: ID=28
[2025-08-14 18:46:58][I][src.routers.facilities.create_facility] 医療機関作成開始: pytest病院_0cjobg
[2025-08-14 18:46:58][D][src.routers.facilities.create_facility] リクエストデータ: {'medical_name': 'pytest病院_0cjobg', 'address_postal_code': '100-0001', 'address_prefecture': '東京都', 'address_city': '千代田区', 'address_line1': 'テスト町1-1-1', 'address_line2': None, 'phone_number': '09-9111-7590'}
[2025-08-14 18:46:58][D][src.routers.facilities.create_facility] DBオブジェクト作成開始
[2025-08-14 18:46:58][D][src.routers.facilities.create_facility] DBオブジェクト作成完了
[2025-08-14 18:46:58][D][src.routers.facilities.create_facility] DB保存処理開始
[2025-08-14 18:46:58][D][src.routers.facilities.create_facility] DB保存処理完了
[2025-08-14 18:46:58][I][src.routers.facilities.create_facility] 医療機関作成完了: ID=29
[2025-08-14 18:46:58][I][src.routers.user_entity_links.create_user_entity_link] ユーザー組織連携作成開始: pytest連携組織_8fae12
[2025-08-14 18:46:58][D][src.routers.user_entity_links.create_user_entity_link] リクエストデータ: {'entity_type': 1, 'entity_relation_id': 6, 'entity_name': 'pytest連携組織_8fae12', 'notification_email_list': 'pytest_v240uu@example.com', 'count_reportout_classification': 5, 'analiris_classification_level': 1}
[2025-08-14 18:46:58][D][src.routers.user_entity_links.create_user_entity_link] DBオブジェクト作成開始
[2025-08-14 18:46:58][D][src.routers.user_entity_links.create_user_entity_link] DBオブジェクト作成完了
[2025-08-14 18:46:58][D][src.routers.user_entity_links.create_user_entity_link] DB保存処理開始
[2025-08-14 18:46:58][D][src.routers.user_entity_links.create_user_entity_link] DB保存処理完了
[2025-08-14 18:46:58][I][src.routers.user_entity_links.create_user_entity_link] ユーザー組織連携作成完了: entity_type=1, entity_relation_id=6
[2025-08-14 18:46:58][I][src.routers.user_entity_links.create_user_entity_link] ユーザー組織連携作成開始: テスト組織
[2025-08-14 18:46:58][D][src.routers.user_entity_links.create_user_entity_link] リクエストデータ: {'entity_type': 2, 'entity_relation_id': 6, 'entity_name': 'テスト組織', 'notification_email_list': 'pytest_4xesuq@example.com', 'count_reportout_classification': 5, 'analiris_classification_level': 1}
[2025-08-14 18:46:58][I][src.routers.user_entity_links.create_user_entity_link] ユーザー組織連携作成開始: テスト組織
[2025-08-14 18:46:58][D][src.routers.user_entity_links.create_user_entity_link] リクエストデータ: {'entity_type': 1, 'entity_relation_id': 99999, 'entity_name': 'テスト組織', 'notification_email_list': 'pytest_wmx649@example.com', 'count_reportout_classification': 5, 'analiris_classification_level': 1}
[2025-08-14 18:46:58][I][src.routers.user_entity_links.create_user_entity_link] ユーザー組織連携作成開始: pytest連携組織_8ala8g
[2025-08-14 18:46:58][D][src.routers.user_entity_links.create_user_entity_link] リクエストデータ: {'entity_type': 1, 'entity_relation_id': 17, 'entity_name': 'pytest連携組織_8ala8g', 'notification_email_list': 'pytest_aind8f@example.com', 'count_reportout_classification': 5, 'analiris_classification_level': 2}
[2025-08-14 18:46:58][D][src.routers.user_entity_links.create_user_entity_link] DBオブジェクト作成開始
[2025-08-14 18:46:58][D][src.routers.user_entity_links.create_user_entity_link] DBオブジェクト作成完了
[2025-08-14 18:46:58][D][src.routers.user_entity_links.create_user_entity_link] DB保存処理開始
[2025-08-14 18:46:58][D][src.routers.user_entity_links.create_user_entity_link] DB保存処理完了
[2025-08-14 18:46:58][I][src.routers.user_entity_links.create_user_entity_link] ユーザー組織連携作成完了: entity_type=1, entity_relation_id=17
[2025-08-14 18:46:58][I][src.routers.user_entity_links.create_user_entity_link] ユーザー組織連携作成開始: pytest連携組織_d13q8x
[2025-08-14 18:46:58][D][src.routers.user_entity_links.create_user_entity_link] リクエストデータ: {'entity_type': 1, 'entity_relation_id': 21, 'entity_name': 'pytest連携組織_d13q8x', 'notification_email_list': 'pytest_c54x87@example.com', 'count_reportout_classification': 5, 'analiris_classification_level': 2}
[2025-08-14 18:46:58][D][src.routers.user_entity_links.create_user_entity_link] DBオブジェクト作成開始
[2025-08-14 18:46:58][D][src.routers.user_entity_links.create_user_entity_link] DBオブジェクト作成完了
[2025-08-14 18:46:58][D][src.routers.user_entity_links.create_user_entity_link] DB保存処理開始
[2025-08-14 18:46:58][D][src.routers.user_entity_links.create_user_entity_link] DB保存処理完了
[2025-08-14 18:46:58][I][src.routers.user_entity_links.create_user_entity_link] ユーザー組織連携作成完了: entity_type=1, entity_relation_id=21
[2025-08-14 18:46:58][I][src.routers.user_entity_links.create_user_entity_link] ユーザー組織連携作成開始: pytest連携組織_a9fkrv
[2025-08-14 18:46:58][D][src.routers.user_entity_links.create_user_entity_link] リクエストデータ: {'entity_type': 1, 'entity_relation_id': 22, 'entity_name': 'pytest連携組織_a9fkrv', 'notification_email_list': 'pytest_8xu333@example.com', 'count_reportout_classification': 5, 'analiris_classification_level': 2}
[2025-08-14 18:46:58][D][src.routers.user_entity_links.create_user_entity_link] DBオブジェクト作成開始
[2025-08-14 18:46:58][D][src.routers.user_entity_links.create_user_entity_link] DBオブジェクト作成完了
[2025-08-14 18:46:58][D][src.routers.user_entity_links.create_user_entity_link] DB保存処理開始
[2025-08-14 18:46:58][D][src.routers.user_entity_links.create_user_entity_link] DB保存処理完了
[2025-08-14 18:46:58][I][src.routers.user_entity_links.create_user_entity_link] ユーザー組織連携作成完了: entity_type=1, entity_relation_id=22
